Determining if the pthread_create exist failed with the following output:
Change Dir: /home/caio/new_ws/build/catkin_tools_prebuild/CMakeFiles/CMakeTmp

Run Build Command:"/usr/bin/make" "cmTC_5131a/fast"
/usr/bin/make -f CMakeFiles/cmTC_5131a.dir/build.make CMakeFiles/cmTC_5131a.dir/build
make[1]: Entering directory '/home/caio/new_ws/build/catkin_tools_prebuild/CMakeFiles/CMakeTmp'
Building C object CMakeFiles/cmTC_5131a.dir/CheckSymbolExists.c.o
/usr/bin/cc    -o CMakeFiles/cmTC_5131a.dir/CheckSymbolExists.c.o   -c /home/caio/new_ws/build/catkin_tools_prebuild/CMakeFiles/CMakeTmp/CheckSymbolExists.c
Linking C executable cmTC_5131a
/usr/bin/cmake -E cmake_link_script CMakeFiles/cmTC_5131a.dir/link.txt --verbose=1
/usr/bin/cc      -rdynamic CMakeFiles/cmTC_5131a.dir/CheckSymbolExists.c.o  -o cmTC_5131a 
CMakeFiles/cmTC_5131a.dir/CheckSymbolExists.c.o: In function `main':
CheckSymbolExists.c:(.text+0x1b): undefined reference to `pthread_create'
collect2: error: ld returned 1 exit status
CMakeFiles/cmTC_5131a.dir/build.make:97: recipe for target 'cmTC_5131a' failed
make[1]: *** [cmTC_5131a] Error 1
make[1]: Leaving directory '/home/caio/new_ws/build/catkin_tools_prebuild/CMakeFiles/CMakeTmp'
Makefile:126: recipe for target 'cmTC_5131a/fast' failed
make: *** [cmTC_5131a/fast] Error 2

File /home/caio/new_ws/build/catkin_tools_prebuild/CMakeFiles/CMakeTmp/CheckSymbolExists.c:
/* */
#include <pthread.h>

int main(int argc, char** argv)
{
  (void)argv;
#ifndef pthread_create
  return ((int*)(&pthread_create))[argc];
#else
  (void)argc;
  return 0;
#endif
}

Determining if the function pthread_create exists in the pthreads failed with the following output:
Change Dir: /home/caio/new_ws/build/catkin_tools_prebuild/CMakeFiles/CMakeTmp

Run Build Command:"/usr/bin/make" "cmTC_10bdf/fast"
/usr/bin/make -f CMakeFiles/cmTC_10bdf.dir/build.make CMakeFiles/cmTC_10bdf.dir/build
make[1]: Entering directory '/home/caio/new_ws/build/catkin_tools_prebuild/CMakeFiles/CMakeTmp'
Building C object CMakeFiles/cmTC_10bdf.dir/CheckFunctionExists.c.o
/usr/bin/cc   -DCHECK_FUNCTION_EXISTS=pthread_create   -o CMakeFiles/cmTC_10bdf.dir/CheckFunctionExists.c.o   -c /usr/share/cmake-3.10/Modules/CheckFunctionExists.c
Linking C executable cmTC_10bdf
/usr/bin/cmake -E cmake_link_script CMakeFiles/cmTC_10bdf.dir/link.txt --verbose=1
/usr/bin/cc  -DCHECK_FUNCTION_EXISTS=pthread_create    -rdynamic CMakeFiles/cmTC_10bdf.dir/CheckFunctionExists.c.o  -o cmTC_10bdf -lpthreads 
/usr/bin/ld: cannot find -lpthreads
collect2: error: ld returned 1 exit status
CMakeFiles/cmTC_10bdf.dir/build.make:97: recipe for target 'cmTC_10bdf' failed
make[1]: *** [cmTC_10bdf] Error 1
make[1]: Leaving directory '/home/caio/new_ws/build/catkin_tools_prebuild/CMakeFiles/CMakeTmp'
Makefile:126: recipe for target 'cmTC_10bdf/fast' failed
make: *** [cmTC_10bdf/fast] Error 2


